CRITICAL - 2022-08-17 21:33:15 --> Declaration of App\Models\Article::findAll() must be compatible with CodeIgniter\BaseModel::findAll(int $limit = 0, int $offset = 0)
in APPPATH\Models\Article.php on line 43.
 1 [internal function]: CodeIgniter\Debug\Exceptions->shutdownHandler()
CRITICAL - 2022-08-17 21:33:31 --> Declaration of App\Models\Article::findAll() must be compatible with CodeIgniter\BaseModel::findAll(int $limit = 0, int $offset = 0)
in APPPATH\Models\Article.php on line 43.
 1 [internal function]: CodeIgniter\Debug\Exceptions->shutdownHandler()
CRITICAL - 2022-08-17 21:33:59 --> Call to undefined method CodeIgniter\Database\MySQLi\Builder::query()
in APPPATH\Models\Article.php on line 46.
 1 SYSTEMPATH\BaseModel.php(1088): App\Models\Article->findAll(10, 0)
 2 APPPATH\Controllers\Home.php(12): CodeIgniter\BaseModel->paginate(10)
 3 SYSTEMPATH\CodeIgniter.php(898): App\Controllers\Home->index()
 4 SYSTEMPATH\CodeIgniter.php(468): CodeIgniter\CodeIgniter->runController(Object(App\Controllers\Home))
 5 SYSTEMPATH\CodeIgniter.php(351): CodeIgniter\CodeIgniter->handleRequest(null, Object(Config\Cache), false)
 6 FCPATH\index.php(55): CodeIgniter\CodeIgniter->run()
CRITICAL - 2022-08-17 21:34:14 --> Undefined variable $article
in APPPATH\Views\pages\index.php on line 20.
 1 APPPATH\Views\pages\index.php(20): CodeIgniter\Debug\Exceptions->errorHandler(2, 'Undefined variable $article', 'APPPATH\\Views\\pages\\index.php', 20)
 2 APPPATH\Views\dashboard.php(14): include('APPPATH\\Views\\pages\\index.php')
 3 SYSTEMPATH\View\View.php(213): include('APPPATH\\Views\\dashboard.php')
 4 SYSTEMPATH\View\View.php(216): CodeIgniter\View\View->CodeIgniter\View\{closure}()
 5 SYSTEMPATH\Common.php(1135): CodeIgniter\View\View->render('dashboard', [], true)
 6 APPPATH\Controllers\Home.php(17): view('dashboard', [...])
 7 SYSTEMPATH\CodeIgniter.php(898): App\Controllers\Home->index()
 8 SYSTEMPATH\CodeIgniter.php(468): CodeIgniter\CodeIgniter->runController(Object(App\Controllers\Home))
 9 SYSTEMPATH\CodeIgniter.php(351): CodeIgniter\CodeIgniter->handleRequest(null, Object(Config\Cache), false)
10 FCPATH\index.php(55): CodeIgniter\CodeIgniter->run()
CRITICAL - 2022-08-17 21:43:47 --> Declaration of App\Models\Article::findAll() must be compatible with CodeIgniter\BaseModel::findAll(int $limit = 0, int $offset = 0)
in APPPATH\Models\Article.php on line 43.
 1 [internal function]: CodeIgniter\Debug\Exceptions->shutdownHandler()
CRITICAL - 2022-08-17 21:49:40 --> Declaration of App\Models\Article::findAll($limit, $offset) must be compatible with CodeIgniter\BaseModel::findAll(int $limit = 0, int $offset = 0)
in APPPATH\Models\Article.php on line 43.
 1 [internal function]: CodeIgniter\Debug\Exceptions->shutdownHandler()
CRITICAL - 2022-08-17 23:01:19 --> Undefined variable $in
in APPPATH\Views\pages\index.php on line 16.
 1 APPPATH\Views\pages\index.php(16): CodeIgniter\Debug\Exceptions->errorHandler(2, 'Undefined variable $in', 'APPPATH\\Views\\pages\\index.php', 16)
 2 APPPATH\Views\dashboard.php(17): include('APPPATH\\Views\\pages\\index.php')
 3 SYSTEMPATH\View\View.php(213): include('APPPATH\\Views\\dashboard.php')
 4 SYSTEMPATH\View\View.php(216): CodeIgniter\View\View->CodeIgniter\View\{closure}()
 5 SYSTEMPATH\Common.php(1135): CodeIgniter\View\View->render('dashboard', [], true)
 6 APPPATH\Controllers\Home.php(17): view('dashboard', [...])
 7 SYSTEMPATH\CodeIgniter.php(898): App\Controllers\Home->index()
 8 SYSTEMPATH\CodeIgniter.php(468): CodeIgniter\CodeIgniter->runController(Object(App\Controllers\Home))
 9 SYSTEMPATH\CodeIgniter.php(351): CodeIgniter\CodeIgniter->handleRequest(null, Object(Config\Cache), false)
10 FCPATH\index.php(55): CodeIgniter\CodeIgniter->run()
CRITICAL - 2022-08-17 23:01:35 --> Undefined variable $in
in APPPATH\Views\pages\index.php on line 16.
 1 APPPATH\Views\pages\index.php(16): CodeIgniter\Debug\Exceptions->errorHandler(2, 'Undefined variable $in', 'APPPATH\\Views\\pages\\index.php', 16)
 2 APPPATH\Views\dashboard.php(17): include('APPPATH\\Views\\pages\\index.php')
 3 SYSTEMPATH\View\View.php(213): include('APPPATH\\Views\\dashboard.php')
 4 SYSTEMPATH\View\View.php(216): CodeIgniter\View\View->CodeIgniter\View\{closure}()
 5 SYSTEMPATH\Common.php(1135): CodeIgniter\View\View->render('dashboard', [], true)
 6 APPPATH\Controllers\Home.php(17): view('dashboard', [...])
 7 SYSTEMPATH\CodeIgniter.php(898): App\Controllers\Home->index()
 8 SYSTEMPATH\CodeIgniter.php(468): CodeIgniter\CodeIgniter->runController(Object(App\Controllers\Home))
 9 SYSTEMPATH\CodeIgniter.php(351): CodeIgniter\CodeIgniter->handleRequest(null, Object(Config\Cache), false)
10 FCPATH\index.php(55): CodeIgniter\CodeIgniter->run()
